<?xml version="1.0" encoding="UTF-8"?>
<testng-results skipped="0" failed="0" total="0" passed="0">
  <reporter-output>
  </reporter-output>
<<<<<<< HEAD
  <suite name="qvsbatch1 by packages" duration-ms="12423" started-at="2018-01-17T04:59:26Z" finished-at="2018-01-17T04:59:38Z">
    <groups>
    </groups>
    <test name="ramyar" duration-ms="12423" started-at="2018-01-17T04:59:26Z" finished-at="2018-01-17T04:59:38Z">
      <class name="ramyar.testng">
        <test-method status="PASS" signature="launchbrowser()[pri:0, instance:ramyar.testng@149494d8]" name="launchbrowser" is-config="true" duration-ms="24896" started-at="2018-01-17T10:29:01Z" finished-at="2018-01-17T10:29:26Z">
          <reporter-output>
          </reporter-output>
        </test-method> <!-- launchbrowser -->
        <test-method status="PASS" signature="launchapp()[pri:0, instance:ramyar.testng@149494d8]" name="launchapp" is-config="true" duration-ms="5352" started-at="2018-01-17T10:29:26Z" finished-at="2018-01-17T10:29:31Z">
          <reporter-output>
          </reporter-output>
        </test-method> <!-- launchapp -->
        <test-method status="PASS" signature="login()[pri:0, instance:ramyar.testng@149494d8]" name="login" duration-ms="2245" started-at="2018-01-17T10:29:31Z" finished-at="2018-01-17T10:29:34Z">
          <reporter-output>
          </reporter-output>
        </test-method> <!-- login -->
        <test-method status="PASS" signature="refresh1()[pri:0, instance:ramyar.testng@149494d8]" name="refresh1" is-config="true" duration-ms="962" started-at="2018-01-17T10:29:34Z" finished-at="2018-01-17T10:29:35Z">
          <reporter-output>
          </reporter-output>
        </test-method> <!-- refresh1 -->
        <test-method status="FAIL" signature="maximize()[pri:0, instance:ramyar.testng@149494d8]" name="maximize" is-config="true" duration-ms="3661" started-at="2018-01-17T10:29:35Z" finished-at="2018-01-17T10:29:38Z">
          <exception class="org.openqa.selenium.WebDriverException">
            <message>
              <![CDATA[[Exception... "Failure"  nsresult: "0x80004005 (NS_ERROR_FAILURE)"  location: "JS frame :: chrome://marionette/content/driver.js :: GeckoDriver.prototype.maximizeWindow/windowSizeChange/< :: line 3055"  data: no]Build info: version: '3.8.1', revision: '6e95a6684b', time: '2017-12-01T18:33:54.468Z'System info: host: 'CP000522', ip: '192.168.18.169', os.name: 'Windows 10', os.arch: 'amd64', os.version: '10.0', java.version: '1.8.0_101'Driver info: org.openqa.selenium.firefox.FirefoxDriverCapabilities {acceptInsecureCerts: true, browserName: firefox, browserVersion: 57.0, javascriptEnabled: true, moz:accessibilityChecks: false, moz:headless: false, moz:processID: 8076, moz:profile: C:\Users\ramyanagalakshmir\..., moz:webdriverClick: false, pageLoadStrategy: normal, platform: XP, platformName: XP, platformVersion: 10.0, rotatable: false, timeouts: {implicit: 0, pageLoad: 300000, script: 30000}}Session ID: f932c4fb-6431-4d1e-b69d-f969f4ffec84]]>
            </message>
            <full-stacktrace>
              <![CDATA[org.openqa.selenium.WebDriverException: [Exception... "Failure"  nsresult: "0x80004005 (NS_ERROR_FAILURE)"  location: "JS frame :: chrome://marionette/content/driver.js :: GeckoDriver.prototype.maximizeWindow/windowSizeChange/< :: line 3055"  data: no]Build info: version: '3.8.1', revision: '6e95a6684b', time: '2017-12-01T18:33:54.468Z'System info: host: 'CP000522', ip: '192.168.18.169', os.name: 'Windows 10', os.arch: 'amd64', os.version: '10.0', java.version: '1.8.0_101'Driver info: org.openqa.selenium.firefox.FirefoxDriverCapabilities {acceptInsecureCerts: true, browserName: firefox, browserVersion: 57.0, javascriptEnabled: true, moz:accessibilityChecks: false, moz:headless: false, moz:processID: 8076, moz:profile: C:\Users\ramyanagalakshmir\..., moz:webdriverClick: false, pageLoadStrategy: normal, platform: XP, platformName: XP, platformVersion: 10.0, rotatable: false, timeouts: {implicit: 0, pageLoad: 300000, script: 30000}}Session ID: f932c4fb-6431-4d1e-b69d-f969f4ffec84at sun.reflect.NativeConstructorAccessorImpl.newInstance0(Native Method)at sun.reflect.NativeConstructorAccessorImpl.newInstance(Unknown Source)at sun.reflect.DelegatingConstructorAccessorImpl.newInstance(Unknown Source)at java.lang.reflect.Constructor.newInstance(Unknown Source)at org.openqa.selenium.remote.http.W3CHttpResponseCodec.createException(W3CHttpResponseCodec.java:187)at org.openqa.selenium.remote.http.W3CHttpResponseCodec.decode(W3CHttpResponseCodec.java:122)at org.openqa.selenium.remote.http.W3CHttpResponseCodec.decode(W3CHttpResponseCodec.java:49)at org.openqa.selenium.remote.HttpCommandExecutor.execute(HttpCommandExecutor.java:164)at org.openqa.selenium.remote.service.DriverCommandExecutor.execute(DriverCommandExecutor.java:83)at org.openqa.selenium.remote.RemoteWebDriver.execute(RemoteWebDriver.java:601)at org.openqa.selenium.remote.RemoteWebDriver.execute(RemoteWebDriver.java:658)at org.openqa.selenium.remote.RemoteWebDriver$RemoteWebDriverOptions$RemoteWindow.maximize(RemoteWebDriver.java:892)at ramyar.testng.maximize(testng.java:71)at sun.reflect.NativeMethodAccessorImpl.invoke0(Native Method)at sun.reflect.NativeMethodAccessorImpl.invoke(Unknown Source)at sun.reflect.DelegatingMethodAccessorImpl.invoke(Unknown Source)at java.lang.reflect.Method.invoke(Unknown Source)at org.testng.internal.MethodInvocationHelper.invokeMethod(MethodInvocationHelper.java:124)at org.testng.internal.MethodInvocationHelper.invokeMethodConsideringTimeout(MethodInvocationHelper.java:59)at org.testng.internal.Invoker.invokeConfigurationMethod(Invoker.java:451)at org.testng.internal.Invoker.invokeConfigurations(Invoker.java:222)at org.testng.internal.Invoker.invokeConfigurations(Invoker.java:142)at org.testng.TestRunner.afterRun(TestRunner.java:725)at org.testng.TestRunner.run(TestRunner.java:509)at org.testng.SuiteRunner.runTest(SuiteRunner.java:455)at org.testng.SuiteRunner.runSequentially(SuiteRunner.java:450)at org.testng.SuiteRunner.privateRun(SuiteRunner.java:415)at org.testng.SuiteRunner.run(SuiteRunner.java:364)at org.testng.SuiteRunnerWorker.runSuite(SuiteRunnerWorker.java:52)at org.testng.SuiteRunnerWorker.run(SuiteRunnerWorker.java:84)at org.testng.TestNG.runSuitesSequentially(TestNG.java:1187)at org.testng.TestNG.runSuitesLocally(TestNG.java:1116)at org.testng.TestNG.runSuites(TestNG.java:1028)at org.testng.TestNG.run(TestNG.java:996)at org.testng.remote.AbstractRemoteTestNG.run(AbstractRemoteTestNG.java:114)at org.testng.remote.RemoteTestNG.initAndRun(RemoteTestNG.java:251)at org.testng.remote.RemoteTestNG.main(RemoteTestNG.java:77)]]>
            </full-stacktrace>
          </exception> <!-- org.openqa.selenium.WebDriverException -->
          <reporter-output>
          </reporter-output>
        </test-method> <!-- maximize -->
        <test-method status="SKIP" signature="terminate()[pri:0, instance:ramyar.testng@149494d8]" name="terminate" is-config="true" duration-ms="0" started-at="2018-01-17T10:29:39Z" finished-at="2018-01-17T10:29:39Z">
          <reporter-output>
          </reporter-output>
        </test-method> <!-- terminate -->
      </class> <!-- ramyar.testng -->
    </test> <!-- ramyar -->
  </suite> <!-- qvsbatch1 by packages -->
=======
  <suite name="Default suite" duration-ms="8" started-at="2018-01-17T11:14:49Z" finished-at="2018-01-17T11:14:49Z">
    <groups>
    </groups>
    <test name="Default test" duration-ms="8" started-at="2018-01-17T11:14:49Z" finished-at="2018-01-17T11:14:49Z">
      <class name="com.ashwanth.tests.PageObjectModel">
        <test-method status="PASS" signature="LaunchBrowser()[pri:0, instance:com.ashwanth.tests.PageObjectModel@3108bc]" name="LaunchBrowser" is-config="true" duration-ms="6529" started-at="2018-01-17T16:44:42Z" finished-at="2018-01-17T16:44:49Z">
          <reporter-output>
          </reporter-output>
        </test-method> <!-- LaunchBrowser -->
        <test-method status="PASS" signature="Login()[pri:0, instance:com.ashwanth.tests.PageObjectModel@3108bc]" name="Login" is-config="true" duration-ms="2249" started-at="2018-01-17T16:44:49Z" finished-at="2018-01-17T16:44:51Z">
          <reporter-output>
          </reporter-output>
        </test-method> <!-- Login -->
      </class> <!-- com.ashwanth.tests.PageObjectModel -->
    </test> <!-- Default test -->
  </suite> <!-- Default suite -->
>>>>>>> b415768194ec527b8011fc0af292d2b0f7790cdd
</testng-results>
